C51 COMPILER V9.54   MAIN                                                                  02/21/2026 15:51:26 PAGE 1   


C51 COMPILER V9.54, COMPILATION OF MODULE MAIN
OBJECT MODULE PLACED IN .\Objects\main.obj
COMPILER INVOKED BY: F:\program_files\C51V5\C51\BIN\C51.EXE main.c OPTIMIZE(8,SPEED) BROWSE DEBUG OBJECTEXTEND PRINT(.\L
                    -istings\main.lst) TABS(2) OBJECT(.\Objects\main.obj)

line level    source

   1          #include <REGX52.H>
   2          #include <INTRINS.H>
   3          #include "LCD1602.h"
   4          #include "ds1302.h"
   5          
   6          
   7          void main()
   8          {
   9   1          LCD_Init();
  10   1          DS1302_Init();
  11   1      
  12   1          LCD_ShowString(1, 3, ":");
  13   1          LCD_ShowString(1, 6, ":");
  14   1      
  15   1          LCD_ShowString(2, 3, "-");
  16   1          LCD_ShowString(2, 6, "-");
  17   1          // (1)
  18   1          // DS1302_Write_Byte(0x8E, 0x00); // å…³é—­å†™ä¿æŠ¤(ç°è±¡æ˜¯è¯»å‡ºäº†ä¸€ä¸ªå¤§äº59çš„æ•°)
  19   1      
  20   1          // LCD_ShowString(1, 1, "RTCB");
  21   1          // DS1302_Write_Byte(0x80, 0x55);
  22   1      
  23   1          // (4)
  24   1          DS1302_Set_Time();
  25   1      
  26   1          while (1)
  27   1          {
  28   2              // (1) DS1302çš„æ•°æ®æ˜¯ä»¥BCDç çš„å½¢å¼å­˜å‚¨çš„ï¼Œç›´æ¥è¿›è¡Œåè¿›åˆ¶æ˜¾ç¤ºå°±å®¹æ˜“å‡ºç°è
             -·³å˜
  29   2              // second = DS1302_Read_Byte(0x81);
  30   2              // min = DS1302_Read_Byte(0x83);
  31   2              // // (2)é€šè¿‡åå…­è¿›åˆ¶æ•°æ˜¾ç¤ºå³å¯
  32   2              // // LCD_ShowHexNum(2, 1, second, 3);
  33   2              // // (3)ä¹Ÿå¯ä»¥é€šè¿‡è®¡ç®—çš„æ–¹å¼æŠŠBCDç è½¬æ¢æˆåè¿›åˆ¶æ•°æ˜¾ç¤º
  34   2              // LCD_ShowNum(2, 1, second / 16 * 10 + second % 16, 2);
  35   2          // LCD_ShowNum(2, 3, min / 16 * 10 + min % 16, 2);
  36   2      
  37   2              // (4)
  38   2              DS1302_Get_Time();
  39   2              LCD_ShowNum(1, 1, date_time[0], 2);
  40   2              LCD_ShowNum(1, 4, date_time[1], 2);
  41   2              LCD_ShowNum(1, 7, date_time[2], 2);
  42   2              LCD_ShowNum(2, 1, date_time[3], 2);
  43   2              LCD_ShowNum(2, 4, date_time[4], 2);
  44   2              LCD_ShowNum(2, 7, date_time[5], 2);
  45   2          }
  46   1      }


MODULE INFORMATION:   STATIC OVERLAYABLE
   CODE SIZE        =    156    ----
   CONSTANT SIZE    =      4    ----
   XDATA SIZE       =   ----    ----
   PDATA SIZE       =   ----    ----
C51 COMPILER V9.54   MAIN                                                                  02/21/2026 15:51:26 PAGE 2   

   DATA SIZE        =   ----    ----
   IDATA SIZE       =   ----    ----
   BIT SIZE         =   ----    ----
END OF MODULE INFORMATION.


C51 COMPILATION COMPLETE.  0 WARNING(S),  0 ERROR(S)
