C51 COMPILER V9.54   MAIN                                                                  01/16/2026 11:19:12 PAGE 1   


C51 COMPILER V9.54, COMPILATION OF MODULE MAIN
OBJECT MODULE PLACED IN .\Objects\main.obj
COMPILER INVOKED BY: E:\Program Files\Keil C51\C51\BIN\C51.EXE main.c OPTIMIZE(8,SPEED) BROWSE DEBUG OBJECTEXTEND PRINT(
                    -.\Listings\main.lst) TABS(2) OBJECT(.\Objects\main.obj)

line level    source

   1          #include <REGX52.H> 
   2          #include <INTRINS.H>
   3          void delay1ms()   //@11.0592MHz
   4          {
   5   1        unsigned char i, j;
   6   1        _nop_();
   7   1        i = 2;
   8   1        j = 199;
   9   1        do
  10   1        {
  11   2          while (--j);
  12   2        } while (--i);
  13   1      }
  14          
  15          void delay_for_ms(unsigned long ms){
  16   1        unsigned long i = 0;
  17   1        for(i = 0; i < ms; i++){
  18   2          delay1ms();
  19   2        }
  20   1      }
  21          
  22          void num0_display(){
  23   1          // 显示0就是a,b,c,d,e,f位亮0011 1111
  24   1          P0 = 0x3F;
  25   1      }
  26          
  27          void num1_display(){
  28   1          // 显示1就是b, c位亮0000 0110
  29   1          P0 = 0x06;
  30   1      }
  31          
  32          void num2_display(){
  33   1          // 显示2就是a,b,g,e,g位亮0101 1011
  34   1          P0 = 0x5B;
  35   1      }
  36          
  37          void num3_display(){
  38   1          // 显示3就是a,b,c,d,g,位亮0100 1111
  39   1          P0 = 0x4F;
  40   1      }
  41          
  42          void num4_display(){
  43   1          // 显示4就是b,c,f,g位亮0110 0110
  44   1          P0 = 0x66;
  45   1      }
  46          
  47          void num5_display(){
  48   1          // 显示5就是a,c,d,f,g位亮0110 1101
  49   1          P0 = 0x6D;
  50   1      }
  51          
  52          void num6_display(){
  53   1          // 显示6就是a,c,d,e,f,g位亮0111 1101
  54   1          P0 = 0x7D;
C51 COMPILER V9.54   MAIN                                                                  01/16/2026 11:19:12 PAGE 2   

  55   1      }
  56          
  57          void num7_display(){
  58   1          // 显示7就是a,b,c位亮0000 0111
  59   1          P0 = 0x07;
  60   1      }
  61          
  62          void num8_display(){
  63   1          // 显示8就是a,b,c,d,e,f,g位亮0111 1111
  64   1          P0 = 0x7F;
  65   1      }
  66          
  67          void num9_display(){
  68   1          // 显示9就是a,b,c,d,f,g位亮0110 1111
  69   1          P0 = 0x6F;
  70   1      }
  71          
  72          void show_num_unit(unsigned char num){
  73   1        // 是否可以优化呢？switch-case语句
  74   1          if(num == 0){
  75   2            num0_display();
  76   2          }else if(num == 1){
  77   2            num1_display();
  78   2          }else if(num == 2){
  79   2            num2_display();
  80   2          }else if(num == 3){
  81   2            num3_display();
  82   2          }else if(num == 4){
  83   2            num4_display();
  84   2          }else if(num == 5){
  85   2            num5_display();
  86   2          }else if(num == 6){
  87   2            num6_display();
  88   2          }else if(num == 7){
  89   2            num7_display();
  90   2          }else if(num == 8){
  91   2            num8_display();
  92   2          }else if(num == 9){
  93   2            num9_display();
  94   2          }
  95   1      }
  96          
  97          // 选择哪个数码管，从右到左1，2，3，4，...
  98          void show_led_1(){
  99   1          P2_4 = 0;
 100   1          P2_3 = 0;
 101   1          P2_2 = 0;
 102   1      }
 103          
 104          void show_led_2(){
 105   1          P2_4 = 0;
 106   1          P2_3 = 0;
 107   1          P2_2 = 1;
 108   1      }
 109          
 110          void show_led_3(){
 111   1          P2_4 = 0;
 112   1          P2_3 = 1;
 113   1          P2_2 = 0;
 114   1      }
 115          
 116          void show_led_4(){
C51 COMPILER V9.54   MAIN                                                                  01/16/2026 11:19:12 PAGE 3   

 117   1          P2_4 = 0;
 118   1          P2_3 = 1;
 119   1          P2_2 = 1;
 120   1      }
 121          
 122          void show_led_5(){
 123   1          P2_4 = 1;
 124   1          P2_3 = 0;
 125   1          P2_2 = 0;
 126   1      }
 127          
 128          void show_led_6(){
 129   1          P2_4 = 1;
 130   1          P2_3 = 0;
 131   1          P2_2 = 1;
 132   1      }
 133          void show_led_7(){
 134   1          P2_4 = 1;
 135   1          P2_3 = 1;
 136   1          P2_2 = 0;
 137   1      }
 138          
 139          void show_led_8(){
 140   1          P2_4 = 1;
 141   1          P2_3 = 1;
 142   1          P2_2 = 1;
 143   1      }
 144          
 145          void choose_num_pos(unsigned char pos){
 146   1        if(pos == 1){
 147   2          show_led_1();
 148   2        }else if(pos == 2){
 149   2          show_led_2();
 150   2        }else if(pos == 3){
 151   2          show_led_3();
 152   2        }else if(pos == 4){
 153   2          show_led_4();
 154   2        }else if(pos == 5){
 155   2          show_led_5();
 156   2        }else if(pos == 6){
 157   2          show_led_6();
 158   2        }else if(pos == 7){
 159   2          show_led_7();
 160   2        }else if(pos == 8){
 161   2          show_led_8();
 162   2        }
 163   1      }
 164          
 165          void show_pos_num(unsigned char pos, unsigned char num, unsigned char final_digit){
 166   1        choose_num_pos(pos);
 167   1        show_num_unit(num);
 168   1        delay1ms();
 169   1        
 170   1        // 为什么要说清楚
 171   1        if(final_digit != 1) P0=0x00;
 172   1      }
 173          
 174          unsigned char get_number_digits(unsigned long number){
 175   1        unsigned char count = 0;
 176   1        if(number == 0) return 0;
 177   1        
 178   1        while(number != 0){
C51 COMPILER V9.54   MAIN                                                                  01/16/2026 11:19:12 PAGE 4   

 179   2          number = number / 10;
 180   2          count++;
 181   2        }
 182   1        return count;
 183   1      }
 184          
 185          // 只显示范围内的数(0 - 9999 9999)
 186          void show_num_range(unsigned long number){
 187   1        
 188   1        // 判断是几位数，然后逐个显示
 189   1        unsigned char digit_num = get_number_digits(number);
 190   1        unsigned long integer = 0;
 191   1        unsigned char remainder = 0;
 192   1        unsigned char i = 0;
 193   1        
 194   1        if(digit_num == 0) return;
 195   1        
 196   1        for(i=0; i<digit_num; i++){
 197   2          remainder = number % 10;
 198   2          integer = number / 10;
 199   2          number = integer;
 200   2          show_pos_num(i+1, remainder, (i==digit_num-1)?1:0);
 201   2        }
 202   1      }
 203          
 204          void main(void){
 205   1        
 206   1        unsigned long counter = 0;
 207   1        while(1){
 208   2          show_num_range(counter);
 209   2          counter++;
 210   2          delay_for_ms(100);
 211   2        }
 212   1      }


MODULE INFORMATION:   STATIC OVERLAYABLE
   CODE SIZE        =    566    ----
   CONSTANT SIZE    =   ----    ----
   XDATA SIZE       =   ----    ----
   PDATA SIZE       =   ----    ----
   DATA SIZE        =   ----      28
   IDATA SIZE       =   ----    ----
   BIT SIZE         =   ----    ----
END OF MODULE INFORMATION.


C51 COMPILATION COMPLETE.  0 WARNING(S),  0 ERROR(S)
