C51 COMPILER V9.54   MAIN                                                                  12/24/2025 15:38:58 PAGE 1   


C51 COMPILER V9.54, COMPILATION OF MODULE MAIN
OBJECT MODULE PLACED IN .\Objects\main.obj
COMPILER INVOKED BY: E:\Program Files\Keil C51\C51\BIN\C51.EXE main.c OPTIMIZE(8,SPEED) BROWSE DEBUG OBJECTEXTEND PRINT(
                    -.\Listings\main.lst) TABS(2) OBJECT(.\Objects\main.obj)

line level    source

   1          #include <REGX52.H> 
   2          
   3          void main(void){
   4   1        
   5   1        // 段选线-选择哪个管亮，通过38译码器
   6   1        // 我想要第7个数码管亮，那么对应二进制为110(从0开始)
   7   1        // 
   8   1        
   9   1        while(1){
  10   2          P2_4 = 1;
  11   2          P2_3 = 1;
  12   2          P2_2 = 0;
  13   2          
  14   2          // 显示1就是b, c位亮0000 0110
  15   2      
  16   2          P0 = 0x06;
  17   2        }
  18   1      
  19   1      }


MODULE INFORMATION:   STATIC OVERLAYABLE
   CODE SIZE        =     11    ----
   CONSTANT SIZE    =   ----    ----
   XDATA SIZE       =   ----    ----
   PDATA SIZE       =   ----    ----
   DATA SIZE        =   ----    ----
   IDATA SIZE       =   ----    ----
   BIT SIZE         =   ----    ----
END OF MODULE INFORMATION.


C51 COMPILATION COMPLETE.  0 WARNING(S),  0 ERROR(S)
