C51 COMPILER V9.54   TIMER0                                                                02/21/2026 16:01:19 PAGE 1   


C51 COMPILER V9.54, COMPILATION OF MODULE TIMER0
OBJECT MODULE PLACED IN .\Objects\timer0.obj
COMPILER INVOKED BY: F:\program_files\C51V5\C51\BIN\C51.EXE timer0.c OPTIMIZE(8,SPEED) BROWSE DEBUG OBJECTEXTEND PRINT(.
                    -\Listings\timer0.lst) TABS(2) OBJECT(.\Objects\timer0.obj)

line level    source

   1          #include "timer0.h"
   2          
   3          
   4          void timer0_init(void) // 1000х╛очзТ@11.0592MHz
   5          {
   6   1          // AUXR |= 0x80;    //хоЪцЧ╢хЩицЧ╢щТЯ1Tцибх╝П
   7   1          TMOD &= 0xF0; // шо╛ч╜охоЪцЧ╢хЩицибх╝П
   8   1          TL0 = 0xCD;   // шо╛ч╜охоЪцЧ╢хИЭхА╝
   9   1          TH0 = 0xD4;   // шо╛ч╜охоЪцЧ╢хИЭхА╝
  10   1          TF0 = 0;      // ц╕ЕщЩдTF0цаЗх┐Ч
  11   1          TR0 = 1;      // хоЪцЧ╢хЩи0х╝АхзЛшобцЧ╢
  12   1      
  13   1          // ф╕нцЦншо╛ч╜о
  14   1          ET0 = 1; // ф╜┐шГ╜хоЪцЧ╢хЩи0ф╕нцЦн
  15   1          EA = 1;  // ф╜┐шГ╜цА╗ф╕нцЦн
  16   1      
  17   1          // щЕНч╜оф╝ШхЕИч║зя╝МчЫохЙНхПкцЬЙф╕Аф╕кф╕нцЦнц║РхПпф╗еф╕НхЖЩя╝Мщ╗ШшодцЬАф╜Оч║з0я╝Мф╕║ф║ЖхоМцХ┤ш┐ШцШпхЖ
             -Щф╕К
  18   1          PT0 = 0; // хоЪцЧ╢хЩи0ф╕нцЦнф╝ШхЕИч║зф╜О
  19   1      }


MODULE INFORMATION:   STATIC OVERLAYABLE
   CODE SIZE        =     20    ----
   CONSTANT SIZE    =   ----    ----
   XDATA SIZE       =   ----    ----
   PDATA SIZE       =   ----    ----
   DATA SIZE        =   ----    ----
   IDATA SIZE       =   ----    ----
   BIT SIZE         =   ----    ----
END OF MODULE INFORMATION.


C51 COMPILATION COMPLETE.  0 WARNING(S),  0 ERROR(S)
