C51 COMPILER V9.54   MAIN                                                                  02/11/2026 11:45:46 PAGE 1   


C51 COMPILER V9.54, COMPILATION OF MODULE MAIN
OBJECT MODULE PLACED IN .\Objects\main.obj
COMPILER INVOKED BY: F:\program_files\C51V5\C51\BIN\C51.EXE main.c OPTIMIZE(8,SPEED) BROWSE DEBUG OBJECTEXTEND PRINT(.\L
                    -istings\main.lst) TABS(2) OBJECT(.\Objects\main.obj)

line level    source

   1          #include <REGX52.H>
   2          #include <INTRINS.H>
   3          #include "LCD1602.h"
   4          #include "independent_key.h"
   5          
   6          sfr AUXR = 0x8E;
   7          
   8          static unsigned int led_mod = 0;
   9          
  10          static unsigned char t_hour = 23;
  11          static unsigned char t_min = 59;
  12          static unsigned char t_sec = 58;
  13          
  14          
  15          void timer0_init(void) // 1000å¾®ç§’@11.0592MHz
  16          {
  17   1          AUXR |= 0x80;   //å®šæ—¶å™¨æ—¶é’Ÿ1Tæ¨¡å¼ï¼Œå®šæ—¶å™¨é»˜è®¤çš„æ˜¯12Tæ¨¡å¼ï¼Œæ”¹ä¸º1Tæ¨¡å¼åŽï¼Œå®šæ—¶
             -å™¨çš„è®¡æ•°é¢‘çŽ‡å°†æé«˜12å€
  18   1          TMOD &= 0xF0; // è®¾ç½®å®šæ—¶å™¨æ¨¡å¼
  19   1          TL0 = 0xCD;   // è®¾ç½®å®šæ—¶åˆå€¼
  20   1          TH0 = 0xD4;   // è®¾ç½®å®šæ—¶åˆå€¼
  21   1          TF0 = 0;      // æ¸…é™¤TF0æ ‡å¿—
  22   1          TR0 = 1;      // å®šæ—¶å™¨0å¼€å§‹è®¡æ—¶
  23   1      
  24   1          // ä¸­æ–­è®¾ç½®
  25   1          ET0 = 1; // ä½¿èƒ½å®šæ—¶å™¨0ä¸­æ–­
  26   1          EA = 1;  // ä½¿èƒ½æ€»ä¸­æ–­
  27   1      
  28   1          // é…ç½®ä¼˜å…ˆçº§ï¼Œç›®å‰åªæœ‰ä¸€ä¸ªä¸­æ–­æºå¯ä»¥ä¸å†™ï¼Œé»˜è®¤æœ€ä½Žçº§0ï¼Œä¸ºäº†å®Œæ•´è¿˜æ˜¯å†
             -™ä¸Š
  29   1          PT0 = 0; // å®šæ—¶å™¨0ä¸­æ–­ä¼˜å…ˆçº§ä½Ž
  30   1      }
  31          
  32          void main() {
  33   1      
  34   1          LCD_Init();
  35   1          timer0_init(); // åˆå§‹åŒ–å®šæ—¶å™¨0
  36   1          LCD_ShowString(1, 1, "Time:");
  37   1        LCD_ShowString(2, 1, "  :  :");
  38   1          while (1)
  39   1          {
  40   2              LCD_ShowNum(2, 1, t_hour, 2);
  41   2              LCD_ShowNum(2, 4, t_min, 2);
  42   2              LCD_ShowNum(2, 7, t_sec, 2);
  43   2          }
  44   1      }
  45          
  46          void timer0_isr(void) interrupt 1
  47          {
  48   1          static unsigned int t_count = 0;
  49   1      
  50   1          // é‡æ–°è£…è½½å®šæ—¶åˆå€¼
  51   1          TL0 = 0xCD; // è®¾ç½®å®šæ—¶åˆå€¼
  52   1          TH0 = 0xD4; // è®¾ç½®å®šæ—¶åˆå€¼
C51 COMPILER V9.54   MAIN                                                                  02/11/2026 11:45:46 PAGE 2   

  53   1      
  54   1          t_count++;
  55   1          if (t_count >= 1000) // 500msåˆ°è¾¾
  56   1          {
  57   2              t_count = 0;
  58   2              t_sec++;
  59   2              if (t_sec >= 60)
  60   2              {
  61   3                  t_sec = 0;
  62   3                  t_min++;
  63   3                  if (t_min >= 60)
  64   3                  {
  65   4                      t_min = 0;
  66   4                      t_hour++;
  67   4                      if (t_hour >= 24)
  68   4                      {
  69   5                          t_hour = 0;
  70   5                      }
  71   4                  }
  72   3              }
  73   2          }
  74   1      }


MODULE INFORMATION:   STATIC OVERLAYABLE
   CODE SIZE        =    173    ----
   CONSTANT SIZE    =     13    ----
   XDATA SIZE       =   ----    ----
   PDATA SIZE       =   ----    ----
   DATA SIZE        =      7    ----
   IDATA SIZE       =   ----    ----
   BIT SIZE         =   ----    ----
END OF MODULE INFORMATION.


C51 COMPILATION COMPLETE.  0 WARNING(S),  0 ERROR(S)
