C51 COMPILER V9.54   MAIN                                                                  12/19/2025 15:15:08 PAGE 1   


C51 COMPILER V9.54, COMPILATION OF MODULE MAIN
OBJECT MODULE PLACED IN .\Objects\main.obj
COMPILER INVOKED BY: E:\Program Files\Keil C51\C51\BIN\C51.EXE main.c OPTIMIZE(8,SPEED) BROWSE DEBUG OBJECTEXTEND PRINT(
                    -.\Listings\main.lst) TABS(2) OBJECT(.\Objects\main.obj)

line level    source

   1          #include <REGX52.H> // <REG52.H>没有位操作，如P2_0是没有的
   2          #include <INTRINS.H>
   3          
   4          void delay1ms()   //@11.0592MHz
   5          {
   6   1        unsigned char i, j;
   7   1        _nop_();
   8   1        i = 2;
   9   1        j = 199;
  10   1        do
  11   1        {
  12   2          while (--j);
  13   2        } while (--i);
  14   1      }
  15          
  16          void delay_for_ms(unsigned int ms){
  17   1        int i = 0;
  18   1        for(i = 0; i < ms; i++){
  19   2          delay1ms();
  20   2        }
  21   1      }
  22          
  23          unsigned int status[8] = {0x7F, 0xBF, 0xDF, 0xEF, 0xF7, 0xFB, 0xFD, 0xFE};
  24          
  25          void main(void){
  26   1        
  27   1        char toggle = 0;
  28   1        P2_0 = 0;
  29   1        
  30   1        while(1){
  31   2          
  32   2          P2_0 = !toggle;
  33   2          toggle = !P3_1;
  34   2      
  35   2        }
  36   1      }


MODULE INFORMATION:   STATIC OVERLAYABLE
   CODE SIZE        =     58    ----
   CONSTANT SIZE    =   ----    ----
   XDATA SIZE       =   ----    ----
   PDATA SIZE       =   ----    ----
   DATA SIZE        =     16    ----
   IDATA SIZE       =   ----    ----
   BIT SIZE         =   ----    ----
END OF MODULE INFORMATION.


C51 COMPILATION COMPLETE.  0 WARNING(S),  0 ERROR(S)
